<?xml version="1.0" encoding="UTF-8"?>
<coverage generated="1742562927613" clover="3.2.0">
  <project timestamp="1742562927613" name="All files">
    <metrics statements="146" coveredstatements="144" conditionals="55" coveredconditionals="49" methods="14" coveredmethods="14" elements="215" coveredelements="207" complexity="0" loc="146" ncloc="146" packages="1" files="3" classes="3"/>
    <file name="cartController.ts" path="C:\Users\Dell\Desktop\Training\Cart-mern-ts\backend\controllers\cartController.ts">
      <metrics statements="106" coveredstatements="104" conditionals="46" coveredconditionals="40" methods="10" coveredmethods="10"/>
      <line num="1" count="3" type="stmt"/>
      <line num="2" count="3" type="stmt"/>
      <line num="13" count="3" type="stmt"/>
      <line num="14" count="3" type="stmt"/>
      <line num="16" count="3" type="stmt"/>
      <line num="19" count="3" type="cond" truecount="2" falsecount="1"/>
      <line num="20" count="0" type="stmt"/>
      <line num="21" count="0" type="stmt"/>
      <line num="26" count="3" type="stmt"/>
      <line num="30" count="2" type="cond" truecount="3" falsecount="0"/>
      <line num="31" count="1" type="stmt"/>
      <line num="32" count="1" type="stmt"/>
      <line num="36" count="1" type="stmt"/>
      <line num="41" count="1" type="stmt"/>
      <line num="42" count="1" type="stmt"/>
      <line num="51" count="1" type="stmt"/>
      <line num="53" count="1" type="stmt"/>
      <line num="54" count="1" type="stmt"/>
      <line num="74" count="3" type="stmt"/>
      <line num="80" count="5" type="stmt"/>
      <line num="82" count="5" type="stmt"/>
      <line num="84" count="5" type="stmt"/>
      <line num="87" count="5" type="cond" truecount="4" falsecount="0"/>
      <line num="88" count="1" type="stmt"/>
      <line num="89" count="1" type="stmt"/>
      <line num="93" count="4" type="stmt"/>
      <line num="94" count="3" type="cond" truecount="1" falsecount="0"/>
      <line num="95" count="1" type="stmt"/>
      <line num="96" count="1" type="stmt"/>
      <line num="98" count="2" type="stmt"/>
      <line num="101" count="2" type="stmt"/>
      <line num="103" count="2" type="stmt"/>
      <line num="106" count="2" type="cond" truecount="1" falsecount="0"/>
      <line num="107" count="1" type="stmt"/>
      <line num="109" count="2" type="stmt"/>
      <line num="112" count="2" type="cond" truecount="1" falsecount="1"/>
      <line num="115" count="2" type="stmt"/>
      <line num="116" count="1" type="stmt"/>
      <line num="119" count="2" type="cond" truecount="2" falsecount="0"/>
      <line num="121" count="1" type="stmt"/>
      <line num="124" count="1" type="stmt"/>
      <line num="127" count="2" type="stmt"/>
      <line num="128" count="2" type="stmt"/>
      <line num="130" count="2" type="stmt"/>
      <line num="132" count="2" type="stmt"/>
      <line num="135" count="1" type="stmt"/>
      <line num="136" count="1" type="stmt"/>
      <line num="147" count="3" type="stmt"/>
      <line num="148" count="4" type="stmt"/>
      <line num="150" count="4" type="stmt"/>
      <line num="153" count="4" type="cond" truecount="3" falsecount="0"/>
      <line num="154" count="1" type="stmt"/>
      <line num="158" count="1" type="stmt"/>
      <line num="162" count="3" type="stmt"/>
      <line num="165" count="2" type="cond" truecount="1" falsecount="0"/>
      <line num="166" count="1" type="stmt"/>
      <line num="167" count="1" type="stmt"/>
      <line num="170" count="1" type="stmt"/>
      <line num="172" count="1" type="stmt"/>
      <line num="173" count="2" type="stmt"/>
      <line num="176" count="2" type="cond" truecount="4" falsecount="0"/>
      <line num="177" count="2" type="stmt"/>
      <line num="181" count="1" type="stmt"/>
      <line num="183" count="1" type="stmt"/>
      <line num="184" count="1" type="stmt"/>
      <line num="194" count="3" type="stmt"/>
      <line num="195" count="5" type="stmt"/>
      <line num="197" count="5" type="stmt"/>
      <line num="200" count="5" type="cond" truecount="3" falsecount="0"/>
      <line num="201" count="1" type="stmt"/>
      <line num="204" count="1" type="stmt"/>
      <line num="208" count="4" type="stmt"/>
      <line num="211" count="3" type="cond" truecount="3" falsecount="0"/>
      <line num="212" count="2" type="stmt"/>
      <line num="213" count="2" type="stmt"/>
      <line num="218" count="1" type="stmt"/>
      <line num="219" count="2" type="stmt"/>
      <line num="224" count="1" type="stmt"/>
      <line num="226" count="1" type="stmt"/>
      <line num="239" count="3" type="stmt"/>
      <line num="240" count="7" type="stmt"/>
      <line num="242" count="7" type="stmt"/>
      <line num="245" count="7" type="cond" truecount="3" falsecount="0"/>
      <line num="246" count="1" type="stmt"/>
      <line num="247" count="1" type="stmt"/>
      <line num="251" count="6" type="stmt"/>
      <line num="254" count="5" type="cond" truecount="1" falsecount="0"/>
      <line num="255" count="1" type="stmt"/>
      <line num="256" count="1" type="stmt"/>
      <line num="260" count="4" type="stmt"/>
      <line num="261" count="3" type="stmt"/>
      <line num="265" count="4" type="cond" truecount="1" falsecount="0"/>
      <line num="266" count="1" type="stmt"/>
      <line num="267" count="1" type="stmt"/>
      <line num="271" count="3" type="cond" truecount="2" falsecount="0"/>
      <line num="272" count="1" type="stmt"/>
      <line num="275" count="2" type="stmt"/>
      <line num="279" count="3" type="cond" truecount="1" falsecount="0"/>
      <line num="280" count="2" type="stmt"/>
      <line num="281" count="2" type="stmt"/>
      <line num="282" count="2" type="stmt"/>
      <line num="285" count="1" type="stmt"/>
      <line num="288" count="1" type="stmt"/>
      <line num="290" count="1" type="stmt"/>
      <line num="291" count="1" type="stmt"/>
      <line num="295" count="3" type="stmt"/>
    </file>
    <file name="productController.ts" path="C:\Users\Dell\Desktop\Training\Cart-mern-ts\backend\controllers\productController.ts">
      <metrics statements="28" coveredstatements="28" conditionals="8" coveredconditionals="8" methods="3" coveredmethods="3"/>
      <line num="4" count="3" type="stmt"/>
      <line num="5" count="3" type="stmt"/>
      <line num="14" count="3" type="stmt"/>
      <line num="15" count="6" type="stmt"/>
      <line num="17" count="6" type="stmt"/>
      <line num="24" count="6" type="stmt"/>
      <line num="27" count="6" type="cond" truecount="4" falsecount="0"/>
      <line num="28" count="2" type="stmt"/>
      <line num="32" count="6" type="stmt"/>
      <line num="34" count="4" type="stmt"/>
      <line num="36" count="2" type="stmt"/>
      <line num="37" count="2" type="stmt"/>
      <line num="44" count="3" type="stmt"/>
      <line num="48" count="7" type="stmt"/>
      <line num="50" count="7" type="stmt"/>
      <line num="53" count="7" type="cond" truecount="3" falsecount="0"/>
      <line num="54" count="2" type="stmt"/>
      <line num="57" count="2" type="stmt"/>
      <line num="61" count="5" type="stmt"/>
      <line num="63" count="4" type="stmt"/>
      <line num="70" count="3" type="cond" truecount="1" falsecount="0"/>
      <line num="71" count="2" type="stmt"/>
      <line num="72" count="2" type="stmt"/>
      <line num="76" count="2" type="stmt"/>
      <line num="82" count="1" type="stmt"/>
      <line num="84" count="2" type="stmt"/>
      <line num="85" count="2" type="stmt"/>
      <line num="88" count="3" type="stmt"/>
    </file>
    <file name="userController.ts" path="C:\Users\Dell\Desktop\Training\Cart-mern-ts\backend\controllers\userController.ts">
      <metrics statements="12" coveredstatements="12" conditionals="1" coveredconditionals="1" methods="1" coveredmethods="1"/>
      <line num="4" count="3" type="stmt"/>
      <line num="9" count="3" type="stmt"/>
      <line num="10" count="3" type="stmt"/>
      <line num="12" count="3" type="stmt"/>
      <line num="15" count="3" type="stmt"/>
      <line num="18" count="2" type="cond" truecount="1" falsecount="0"/>
      <line num="19" count="1" type="stmt"/>
      <line num="20" count="1" type="stmt"/>
      <line num="24" count="1" type="stmt"/>
      <line num="26" count="1" type="stmt"/>
      <line num="27" count="1" type="stmt"/>
      <line num="31" count="3" type="stmt"/>
    </file>
  </project>
</coverage>
