{"C:\\Users\\Dell\\Desktop\\Training\\Cart-mern-ts\\backend\\controllers\\cartController.ts": {"path":"C:\\Users\\Dell\\Desktop\\Training\\Cart-mern-ts\\backend\\controllers\\cartController.ts","statementMap":{"0":{"start":{"line":1,"column":0},"end":{"line":1,"column":37}},"1":{"start":{"line":2,"column":0},"end":{"line":2,"column":43}},"2":{"start":{"line":13,"column":16},"end":{"line":56,"column":1}},"3":{"start":{"line":14,"column":2},"end":{"line":55,"column":3}},"4":{"start":{"line":16,"column":23},"end":{"line":16,"column":33}},"5":{"start":{"line":19,"column":4},"end":{"line":22,"column":5}},"6":{"start":{"line":20,"column":6},"end":{"line":20,"column":58}},"7":{"start":{"line":21,"column":6},"end":{"line":21,"column":13}},"8":{"start":{"line":26,"column":17},"end":{"line":26,"column":73}},"9":{"start":{"line":30,"column":4},"end":{"line":33,"column":5}},"10":{"start":{"line":31,"column":6},"end":{"line":31,"column":42}},"11":{"start":{"line":32,"column":6},"end":{"line":32,"column":13}},"12":{"start":{"line":36,"column":26},"end":{"line":49,"column":6}},"13":{"start":{"line":41,"column":26},"end":{"line":41,"column":38}},"14":{"start":{"line":42,"column":24},"end":{"line":48,"column":10}},"15":{"start":{"line":51,"column":4},"end":{"line":51,"column":40}},"16":{"start":{"line":53,"column":4},"end":{"line":53,"column":49}},"17":{"start":{"line":54,"column":4},"end":{"line":54,"column":61}},"18":{"start":{"line":295,"column":9},"end":{"line":295,"column":16}},"19":{"start":{"line":74,"column":18},"end":{"line":138,"column":1}},"20":{"start":{"line":80,"column":2},"end":{"line":137,"column":3}},"21":{"start":{"line":82,"column":44},"end":{"line":82,"column":52}},"22":{"start":{"line":84,"column":4},"end":{"line":84,"column":42}},"23":{"start":{"line":87,"column":4},"end":{"line":90,"column":5}},"24":{"start":{"line":88,"column":6},"end":{"line":88,"column":70}},"25":{"start":{"line":89,"column":6},"end":{"line":89,"column":13}},"26":{"start":{"line":93,"column":20},"end":{"line":93,"column":53}},"27":{"start":{"line":94,"column":4},"end":{"line":97,"column":5}},"28":{"start":{"line":95,"column":6},"end":{"line":95,"column":61}},"29":{"start":{"line":96,"column":6},"end":{"line":96,"column":13}},"30":{"start":{"line":98,"column":4},"end":{"line":98,"column":53}},"31":{"start":{"line":101,"column":15},"end":{"line":101,"column":45}},"32":{"start":{"line":103,"column":4},"end":{"line":103,"column":47}},"33":{"start":{"line":106,"column":4},"end":{"line":108,"column":5}},"34":{"start":{"line":107,"column":6},"end":{"line":107,"column":45}},"35":{"start":{"line":109,"column":4},"end":{"line":109,"column":59}},"36":{"start":{"line":112,"column":4},"end":{"line":112,"column":34}},"37":{"start":{"line":115,"column":30},"end":{"line":116,"column":null}},"38":{"start":{"line":116,"column":16},"end":{"line":116,"column":58}},"39":{"start":{"line":119,"column":4},"end":{"line":125,"column":5}},"40":{"start":{"line":121,"column":6},"end":{"line":121,"column":57}},"41":{"start":{"line":124,"column":6},"end":{"line":124,"column":56}},"42":{"start":{"line":127,"column":4},"end":{"line":127,"column":22}},"43":{"start":{"line":128,"column":4},"end":{"line":128,"column":70}},"44":{"start":{"line":130,"column":4},"end":{"line":130,"column":54}},"45":{"start":{"line":132,"column":4},"end":{"line":132,"column":79}},"46":{"start":{"line":135,"column":4},"end":{"line":135,"column":50}},"47":{"start":{"line":136,"column":4},"end":{"line":136,"column":61}},"48":{"start":{"line":295,"column":18},"end":{"line":295,"column":27}},"49":{"start":{"line":147,"column":20},"end":{"line":186,"column":1}},"50":{"start":{"line":148,"column":2},"end":{"line":185,"column":3}},"51":{"start":{"line":150,"column":23},"end":{"line":150,"column":32}},"52":{"start":{"line":153,"column":4},"end":{"line":159,"column":5}},"53":{"start":{"line":154,"column":6},"end":{"line":156,"column":71}},"54":{"start":{"line":158,"column":6},"end":{"line":158,"column":13}},"55":{"start":{"line":162,"column":17},"end":{"line":162,"column":73}},"56":{"start":{"line":165,"column":4},"end":{"line":168,"column":5}},"57":{"start":{"line":166,"column":6},"end":{"line":166,"column":35}},"58":{"start":{"line":167,"column":6},"end":{"line":167,"column":13}},"59":{"start":{"line":170,"column":22},"end":{"line":170,"column":23}},"60":{"start":{"line":172,"column":4},"end":{"line":179,"column":5}},"61":{"start":{"line":173,"column":22},"end":{"line":173,"column":46}},"62":{"start":{"line":176,"column":6},"end":{"line":178,"column":7}},"63":{"start":{"line":177,"column":8},"end":{"line":177,"column":53}},"64":{"start":{"line":181,"column":4},"end":{"line":181,"column":30}},"65":{"start":{"line":183,"column":4},"end":{"line":183,"column":62}},"66":{"start":{"line":184,"column":4},"end":{"line":184,"column":63}},"67":{"start":{"line":295,"column":29},"end":{"line":295,"column":40}},"68":{"start":{"line":194,"column":19},"end":{"line":231,"column":1}},"69":{"start":{"line":195,"column":2},"end":{"line":230,"column":3}},"70":{"start":{"line":197,"column":23},"end":{"line":197,"column":32}},"71":{"start":{"line":200,"column":4},"end":{"line":205,"column":5}},"72":{"start":{"line":201,"column":6},"end":{"line":203,"column":71}},"73":{"start":{"line":204,"column":6},"end":{"line":204,"column":13}},"74":{"start":{"line":208,"column":17},"end":{"line":208,"column":47}},"75":{"start":{"line":211,"column":4},"end":{"line":214,"column":5}},"76":{"start":{"line":212,"column":6},"end":{"line":212,"column":46}},"77":{"start":{"line":213,"column":6},"end":{"line":213,"column":13}},"78":{"start":{"line":218,"column":23},"end":{"line":220,"column":null}},"79":{"start":{"line":219,"column":51},"end":{"line":219,"column":70}},"80":{"start":{"line":224,"column":4},"end":{"line":224,"column":41}},"81":{"start":{"line":226,"column":4},"end":{"line":229,"column":7}},"82":{"start":{"line":295,"column":42},"end":{"line":295,"column":52}},"83":{"start":{"line":239,"column":23},"end":{"line":293,"column":1}},"84":{"start":{"line":240,"column":2},"end":{"line":292,"column":3}},"85":{"start":{"line":242,"column":34},"end":{"line":242,"column":42}},"86":{"start":{"line":245,"column":4},"end":{"line":248,"column":5}},"87":{"start":{"line":246,"column":6},"end":{"line":246,"column":69}},"88":{"start":{"line":247,"column":6},"end":{"line":247,"column":13}},"89":{"start":{"line":251,"column":17},"end":{"line":251,"column":47}},"90":{"start":{"line":254,"column":4},"end":{"line":257,"column":5}},"91":{"start":{"line":255,"column":6},"end":{"line":255,"column":56}},"92":{"start":{"line":256,"column":6},"end":{"line":256,"column":13}},"93":{"start":{"line":260,"column":30},"end":{"line":261,"column":null}},"94":{"start":{"line":261,"column":16},"end":{"line":261,"column":58}},"95":{"start":{"line":265,"column":4},"end":{"line":268,"column":5}},"96":{"start":{"line":266,"column":6},"end":{"line":266,"column":58}},"97":{"start":{"line":267,"column":6},"end":{"line":267,"column":13}},"98":{"start":{"line":271,"column":4},"end":{"line":276,"column":5}},"99":{"start":{"line":272,"column":6},"end":{"line":272,"column":51}},"100":{"start":{"line":275,"column":6},"end":{"line":275,"column":47}},"101":{"start":{"line":279,"column":4},"end":{"line":283,"column":5}},"102":{"start":{"line":280,"column":6},"end":{"line":280,"column":39}},"103":{"start":{"line":281,"column":6},"end":{"line":281,"column":73}},"104":{"start":{"line":282,"column":6},"end":{"line":282,"column":13}},"105":{"start":{"line":285,"column":4},"end":{"line":285,"column":22}},"106":{"start":{"line":288,"column":4},"end":{"line":288,"column":70}},"107":{"start":{"line":290,"column":4},"end":{"line":290,"column":49}},"108":{"start":{"line":291,"column":4},"end":{"line":291,"column":52}},"109":{"start":{"line":295,"column":54},"end":{"line":295,"column":68}}},"fnMap":{"0":{"name":"(anonymous_1)","decl":{"start":{"line":13,"column":16},"end":{"line":13,"column":21}},"loc":{"start":{"line":13,"column":69},"end":{"line":56,"column":1}}},"1":{"name":"(anonymous_2)","decl":{"start":{"line":41,"column":16},"end":{"line":41,"column":17}},"loc":{"start":{"line":41,"column":26},"end":{"line":41,"column":38}}},"2":{"name":"(anonymous_3)","decl":{"start":{"line":42,"column":13},"end":{"line":42,"column":14}},"loc":{"start":{"line":42,"column":24},"end":{"line":48,"column":10}}},"3":{"name":"(anonymous_4)","decl":{"start":{"line":74,"column":18},"end":{"line":74,"column":23}},"loc":{"start":{"line":78,"column":19},"end":{"line":138,"column":1}}},"4":{"name":"(anonymous_5)","decl":{"start":{"line":116,"column":6},"end":{"line":116,"column":7}},"loc":{"start":{"line":116,"column":16},"end":{"line":116,"column":58}}},"5":{"name":"(anonymous_6)","decl":{"start":{"line":147,"column":20},"end":{"line":147,"column":25}},"loc":{"start":{"line":147,"column":73},"end":{"line":186,"column":1}}},"6":{"name":"(anonymous_7)","decl":{"start":{"line":194,"column":19},"end":{"line":194,"column":24}},"loc":{"start":{"line":194,"column":72},"end":{"line":231,"column":1}}},"7":{"name":"(anonymous_8)","decl":{"start":{"line":219,"column":6},"end":{"line":219,"column":7}},"loc":{"start":{"line":219,"column":51},"end":{"line":219,"column":70}}},"8":{"name":"(anonymous_9)","decl":{"start":{"line":239,"column":23},"end":{"line":239,"column":28}},"loc":{"start":{"line":239,"column":76},"end":{"line":293,"column":1}}},"9":{"name":"(anonymous_10)","decl":{"start":{"line":261,"column":6},"end":{"line":261,"column":7}},"loc":{"start":{"line":261,"column":16},"end":{"line":261,"column":58}}}},"branchMap":{"0":{"loc":{"start":{"line":19,"column":4},"end":{"line":22,"column":5}},"type":"if","locations":[{"start":{"line":19,"column":4},"end":{"line":22,"column":5}}]},"1":{"loc":{"start":{"line":19,"column":8},"end":{"line":19,"column":45}},"type":"binary-expr","locations":[{"start":{"line":19,"column":8},"end":{"line":19,"column":15}},{"start":{"line":19,"column":19},"end":{"line":19,"column":45}}]},"2":{"loc":{"start":{"line":30,"column":4},"end":{"line":33,"column":5}},"type":"if","locations":[{"start":{"line":30,"column":4},"end":{"line":33,"column":5}}]},"3":{"loc":{"start":{"line":30,"column":8},"end":{"line":30,"column":40}},"type":"binary-expr","locations":[{"start":{"line":30,"column":8},"end":{"line":30,"column":13}},{"start":{"line":30,"column":17},"end":{"line":30,"column":40}}]},"4":{"loc":{"start":{"line":44,"column":24},"end":{"line":44,"column":62}},"type":"binary-expr","locations":[{"start":{"line":44,"column":24},"end":{"line":44,"column":49}},{"start":{"line":44,"column":53},"end":{"line":44,"column":62}}]},"5":{"loc":{"start":{"line":45,"column":18},"end":{"line":45,"column":49}},"type":"binary-expr","locations":[{"start":{"line":45,"column":18},"end":{"line":45,"column":44}},{"start":{"line":45,"column":48},"end":{"line":45,"column":49}}]},"6":{"loc":{"start":{"line":46,"column":25},"end":{"line":46,"column":57}},"type":"binary-expr","locations":[{"start":{"line":46,"column":25},"end":{"line":46,"column":51}},{"start":{"line":46,"column":55},"end":{"line":46,"column":57}}]},"7":{"loc":{"start":{"line":87,"column":4},"end":{"line":90,"column":5}},"type":"if","locations":[{"start":{"line":87,"column":4},"end":{"line":90,"column":5}}]},"8":{"loc":{"start":{"line":87,"column":8},"end":{"line":87,"column":46}},"type":"binary-expr","locations":[{"start":{"line":87,"column":8},"end":{"line":87,"column":15}},{"start":{"line":87,"column":19},"end":{"line":87,"column":29}},{"start":{"line":87,"column":33},"end":{"line":87,"column":46}}]},"9":{"loc":{"start":{"line":94,"column":4},"end":{"line":97,"column":5}},"type":"if","locations":[{"start":{"line":94,"column":4},"end":{"line":97,"column":5}}]},"10":{"loc":{"start":{"line":106,"column":4},"end":{"line":108,"column":5}},"type":"if","locations":[{"start":{"line":106,"column":4},"end":{"line":108,"column":5}}]},"11":{"loc":{"start":{"line":112,"column":17},"end":{"line":112,"column":33}},"type":"binary-expr","locations":[{"start":{"line":112,"column":17},"end":{"line":112,"column":27}},{"start":{"line":112,"column":31},"end":{"line":112,"column":33}}]},"12":{"loc":{"start":{"line":119,"column":4},"end":{"line":125,"column":5}},"type":"if","locations":[{"start":{"line":119,"column":4},"end":{"line":125,"column":5}},{"start":{"line":122,"column":11},"end":{"line":125,"column":5}}]},"13":{"loc":{"start":{"line":153,"column":4},"end":{"line":159,"column":5}},"type":"if","locations":[{"start":{"line":153,"column":4},"end":{"line":159,"column":5}}]},"14":{"loc":{"start":{"line":153,"column":8},"end":{"line":153,"column":45}},"type":"binary-expr","locations":[{"start":{"line":153,"column":8},"end":{"line":153,"column":15}},{"start":{"line":153,"column":19},"end":{"line":153,"column":45}}]},"15":{"loc":{"start":{"line":165,"column":4},"end":{"line":168,"column":5}},"type":"if","locations":[{"start":{"line":165,"column":4},"end":{"line":168,"column":5}}]},"16":{"loc":{"start":{"line":176,"column":6},"end":{"line":178,"column":7}},"type":"if","locations":[{"start":{"line":176,"column":6},"end":{"line":178,"column":7}}]},"17":{"loc":{"start":{"line":176,"column":10},"end":{"line":176,"column":70}},"type":"binary-expr","locations":[{"start":{"line":176,"column":10},"end":{"line":176,"column":17}},{"start":{"line":176,"column":21},"end":{"line":176,"column":48}},{"start":{"line":176,"column":52},"end":{"line":176,"column":70}}]},"18":{"loc":{"start":{"line":200,"column":4},"end":{"line":205,"column":5}},"type":"if","locations":[{"start":{"line":200,"column":4},"end":{"line":205,"column":5}}]},"19":{"loc":{"start":{"line":200,"column":8},"end":{"line":200,"column":45}},"type":"binary-expr","locations":[{"start":{"line":200,"column":8},"end":{"line":200,"column":15}},{"start":{"line":200,"column":19},"end":{"line":200,"column":45}}]},"20":{"loc":{"start":{"line":211,"column":4},"end":{"line":214,"column":5}},"type":"if","locations":[{"start":{"line":211,"column":4},"end":{"line":214,"column":5}}]},"21":{"loc":{"start":{"line":211,"column":8},"end":{"line":211,"column":35}},"type":"binary-expr","locations":[{"start":{"line":211,"column":8},"end":{"line":211,"column":13}},{"start":{"line":211,"column":17},"end":{"line":211,"column":35}}]},"22":{"loc":{"start":{"line":228,"column":13},"end":{"line":228,"column":69}},"type":"cond-expr","locations":[{"start":{"line":228,"column":38},"end":{"line":228,"column":51}},{"start":{"line":228,"column":54},"end":{"line":228,"column":69}}]},"23":{"loc":{"start":{"line":245,"column":4},"end":{"line":248,"column":5}},"type":"if","locations":[{"start":{"line":245,"column":4},"end":{"line":248,"column":5}}]},"24":{"loc":{"start":{"line":245,"column":8},"end":{"line":245,"column":29}},"type":"binary-expr","locations":[{"start":{"line":245,"column":8},"end":{"line":245,"column":15}},{"start":{"line":245,"column":19},"end":{"line":245,"column":29}}]},"25":{"loc":{"start":{"line":254,"column":4},"end":{"line":257,"column":5}},"type":"if","locations":[{"start":{"line":254,"column":4},"end":{"line":257,"column":5}}]},"26":{"loc":{"start":{"line":265,"column":4},"end":{"line":268,"column":5}},"type":"if","locations":[{"start":{"line":265,"column":4},"end":{"line":268,"column":5}}]},"27":{"loc":{"start":{"line":271,"column":4},"end":{"line":276,"column":5}},"type":"if","locations":[{"start":{"line":271,"column":4},"end":{"line":276,"column":5}},{"start":{"line":273,"column":11},"end":{"line":276,"column":5}}]},"28":{"loc":{"start":{"line":279,"column":4},"end":{"line":283,"column":5}},"type":"if","locations":[{"start":{"line":279,"column":4},"end":{"line":283,"column":5}}]}},"s":{"0":3,"1":3,"2":3,"3":3,"4":3,"5":3,"6":0,"7":0,"8":3,"9":2,"10":1,"11":1,"12":1,"13":1,"14":1,"15":1,"16":1,"17":1,"18":3,"19":3,"20":5,"21":5,"22":5,"23":5,"24":1,"25":1,"26":4,"27":3,"28":1,"29":1,"30":2,"31":2,"32":2,"33":2,"34":1,"35":2,"36":2,"37":2,"38":1,"39":2,"40":1,"41":1,"42":2,"43":2,"44":2,"45":2,"46":1,"47":1,"48":3,"49":3,"50":4,"51":4,"52":4,"53":1,"54":1,"55":3,"56":2,"57":1,"58":1,"59":1,"60":1,"61":2,"62":2,"63":2,"64":1,"65":1,"66":1,"67":3,"68":3,"69":5,"70":5,"71":5,"72":1,"73":1,"74":4,"75":3,"76":2,"77":2,"78":1,"79":2,"80":1,"81":1,"82":3,"83":3,"84":7,"85":7,"86":7,"87":1,"88":1,"89":6,"90":5,"91":1,"92":1,"93":4,"94":3,"95":4,"96":1,"97":1,"98":3,"99":1,"100":2,"101":3,"102":2,"103":2,"104":2,"105":1,"106":1,"107":1,"108":1,"109":3},"f":{"0":3,"1":1,"2":1,"3":5,"4":1,"5":4,"6":5,"7":2,"8":7,"9":3},"b":{"0":[0],"1":[3,3],"2":[1],"3":[2,1],"4":[1,0],"5":[1,0],"6":[1,0],"7":[1],"8":[5,4,4],"9":[1],"10":[1],"11":[2,0],"12":[1,1],"13":[1],"14":[4,3],"15":[1],"16":[2],"17":[2,2,2],"18":[1],"19":[5,4],"20":[2],"21":[3,2],"22":[1,0],"23":[1],"24":[7,6],"25":[1],"26":[1],"27":[1,2],"28":[2]}}
,"C:\\Users\\Dell\\Desktop\\Training\\Cart-mern-ts\\backend\\controllers\\productController.ts": {"path":"C:\\Users\\Dell\\Desktop\\Training\\Cart-mern-ts\\backend\\controllers\\productController.ts","statementMap":{"0":{"start":{"line":4,"column":0},"end":{"line":4,"column":43}},"1":{"start":{"line":5,"column":0},"end":{"line":5,"column":37}},"2":{"start":{"line":14,"column":20},"end":{"line":39,"column":1}},"3":{"start":{"line":15,"column":2},"end":{"line":38,"column":3}},"4":{"start":{"line":17,"column":25},"end":{"line":17,"column":34}},"5":{"start":{"line":24,"column":41},"end":{"line":24,"column":43}},"6":{"start":{"line":27,"column":4},"end":{"line":29,"column":5}},"7":{"start":{"line":28,"column":6},"end":{"line":28,"column":32}},"8":{"start":{"line":32,"column":21},"end":{"line":32,"column":46}},"9":{"start":{"line":34,"column":4},"end":{"line":34,"column":23}},"10":{"start":{"line":36,"column":4},"end":{"line":36,"column":25}},"11":{"start":{"line":37,"column":4},"end":{"line":37,"column":65}},"12":{"start":{"line":88,"column":9},"end":{"line":88,"column":20}},"13":{"start":{"line":44,"column":33},"end":{"line":87,"column":1}},"14":{"start":{"line":48,"column":2},"end":{"line":86,"column":3}},"15":{"start":{"line":50,"column":23},"end":{"line":50,"column":32}},"16":{"start":{"line":53,"column":4},"end":{"line":58,"column":5}},"17":{"start":{"line":54,"column":6},"end":{"line":56,"column":70}},"18":{"start":{"line":57,"column":6},"end":{"line":57,"column":13}},"19":{"start":{"line":61,"column":32},"end":{"line":61,"column":62}},"20":{"start":{"line":63,"column":31},"end":{"line":64,"column":null}},"21":{"start":{"line":70,"column":4},"end":{"line":73,"column":5}},"22":{"start":{"line":71,"column":6},"end":{"line":71,"column":58}},"23":{"start":{"line":72,"column":6},"end":{"line":72,"column":13}},"24":{"start":{"line":76,"column":22},"end":{"line":79,"column":7}},"25":{"start":{"line":76,"column":48},"end":{"line":79,"column":6}},"26":{"start":{"line":82,"column":4},"end":{"line":82,"column":36}},"27":{"start":{"line":84,"column":4},"end":{"line":84,"column":60}},"28":{"start":{"line":85,"column":4},"end":{"line":85,"column":54}},"29":{"start":{"line":88,"column":22},"end":{"line":88,"column":46}}},"fnMap":{"0":{"name":"(anonymous_1)","decl":{"start":{"line":14,"column":20},"end":{"line":14,"column":25}},"loc":{"start":{"line":14,"column":73},"end":{"line":39,"column":1}}},"1":{"name":"(anonymous_2)","decl":{"start":{"line":44,"column":33},"end":{"line":44,"column":38}},"loc":{"start":{"line":47,"column":19},"end":{"line":87,"column":1}}},"2":{"name":"(anonymous_3)","decl":{"start":{"line":76,"column":37},"end":{"line":76,"column":38}},"loc":{"start":{"line":76,"column":48},"end":{"line":79,"column":6}}}},"branchMap":{"0":{"loc":{"start":{"line":27,"column":4},"end":{"line":29,"column":5}},"type":"if","locations":[{"start":{"line":27,"column":4},"end":{"line":29,"column":5}}]},"1":{"loc":{"start":{"line":27,"column":8},"end":{"line":27,"column":70}},"type":"binary-expr","locations":[{"start":{"line":27,"column":8},"end":{"line":27,"column":16}},{"start":{"line":27,"column":20},"end":{"line":27,"column":38}},{"start":{"line":27,"column":42},"end":{"line":27,"column":70}}]},"2":{"loc":{"start":{"line":53,"column":4},"end":{"line":58,"column":5}},"type":"if","locations":[{"start":{"line":53,"column":4},"end":{"line":58,"column":5}}]},"3":{"loc":{"start":{"line":53,"column":8},"end":{"line":53,"column":45}},"type":"binary-expr","locations":[{"start":{"line":53,"column":8},"end":{"line":53,"column":15}},{"start":{"line":53,"column":19},"end":{"line":53,"column":45}}]},"4":{"loc":{"start":{"line":70,"column":4},"end":{"line":73,"column":5}},"type":"if","locations":[{"start":{"line":70,"column":4},"end":{"line":73,"column":5}}]}},"s":{"0":3,"1":3,"2":3,"3":6,"4":6,"5":6,"6":6,"7":2,"8":6,"9":4,"10":2,"11":2,"12":3,"13":3,"14":7,"15":7,"16":7,"17":2,"18":2,"19":5,"20":4,"21":3,"22":2,"23":2,"24":1,"25":2,"26":1,"27":2,"28":2,"29":3},"f":{"0":6,"1":7,"2":2},"b":{"0":[2],"1":[6,2,2],"2":[2],"3":[7,5],"4":[2]}}
,"C:\\Users\\Dell\\Desktop\\Training\\Cart-mern-ts\\backend\\controllers\\userController.ts": {"path":"C:\\Users\\Dell\\Desktop\\Training\\Cart-mern-ts\\backend\\controllers\\userController.ts","statementMap":{"0":{"start":{"line":4,"column":0},"end":{"line":4,"column":37}},"1":{"start":{"line":9,"column":16},"end":{"line":29,"column":1}},"2":{"start":{"line":10,"column":2},"end":{"line":28,"column":3}},"3":{"start":{"line":12,"column":27},"end":{"line":12,"column":44}},"4":{"start":{"line":15,"column":17},"end":{"line":15,"column":47}},"5":{"start":{"line":18,"column":4},"end":{"line":21,"column":5}},"6":{"start":{"line":19,"column":6},"end":{"line":19,"column":58}},"7":{"start":{"line":20,"column":6},"end":{"line":20,"column":13}},"8":{"start":{"line":24,"column":4},"end":{"line":24,"column":38}},"9":{"start":{"line":26,"column":4},"end":{"line":26,"column":25}},"10":{"start":{"line":27,"column":4},"end":{"line":27,"column":54}},"11":{"start":{"line":31,"column":9},"end":{"line":31,"column":16}}},"fnMap":{"0":{"name":"(anonymous_1)","decl":{"start":{"line":9,"column":16},"end":{"line":9,"column":21}},"loc":{"start":{"line":9,"column":69},"end":{"line":29,"column":1}}}},"branchMap":{"0":{"loc":{"start":{"line":18,"column":4},"end":{"line":21,"column":5}},"type":"if","locations":[{"start":{"line":18,"column":4},"end":{"line":21,"column":5}}]}},"s":{"0":3,"1":3,"2":3,"3":3,"4":3,"5":2,"6":1,"7":1,"8":1,"9":1,"10":1,"11":3},"f":{"0":3},"b":{"0":[1]}}
}
