TN:
SF:controllers\cartController.ts
FN:13,(anonymous_1)
FN:41,(anonymous_2)
FN:42,(anonymous_3)
FN:74,(anonymous_4)
FN:116,(anonymous_5)
FN:147,(anonymous_6)
FN:194,(anonymous_7)
FN:219,(anonymous_8)
FN:239,(anonymous_9)
FN:261,(anonymous_10)
FNF:10
FNH:10
FNDA:3,(anonymous_1)
FNDA:1,(anonymous_2)
FNDA:1,(anonymous_3)
FNDA:5,(anonymous_4)
FNDA:1,(anonymous_5)
FNDA:4,(anonymous_6)
FNDA:5,(anonymous_7)
FNDA:2,(anonymous_8)
FNDA:7,(anonymous_9)
FNDA:3,(anonymous_10)
DA:1,3
DA:2,3
DA:13,3
DA:14,3
DA:16,3
DA:19,3
DA:20,0
DA:21,0
DA:26,3
DA:30,2
DA:31,1
DA:32,1
DA:36,1
DA:41,1
DA:42,1
DA:51,1
DA:53,1
DA:54,1
DA:74,3
DA:80,5
DA:82,5
DA:84,5
DA:87,5
DA:88,1
DA:89,1
DA:93,4
DA:94,3
DA:95,1
DA:96,1
DA:98,2
DA:101,2
DA:103,2
DA:106,2
DA:107,1
DA:109,2
DA:112,2
DA:115,2
DA:116,1
DA:119,2
DA:121,1
DA:124,1
DA:127,2
DA:128,2
DA:130,2
DA:132,2
DA:135,1
DA:136,1
DA:147,3
DA:148,4
DA:150,4
DA:153,4
DA:154,1
DA:158,1
DA:162,3
DA:165,2
DA:166,1
DA:167,1
DA:170,1
DA:172,1
DA:173,2
DA:176,2
DA:177,2
DA:181,1
DA:183,1
DA:184,1
DA:194,3
DA:195,5
DA:197,5
DA:200,5
DA:201,1
DA:204,1
DA:208,4
DA:211,3
DA:212,2
DA:213,2
DA:218,1
DA:219,2
DA:224,1
DA:226,1
DA:239,3
DA:240,7
DA:242,7
DA:245,7
DA:246,1
DA:247,1
DA:251,6
DA:254,5
DA:255,1
DA:256,1
DA:260,4
DA:261,3
DA:265,4
DA:266,1
DA:267,1
DA:271,3
DA:272,1
DA:275,2
DA:279,3
DA:280,2
DA:281,2
DA:282,2
DA:285,1
DA:288,1
DA:290,1
DA:291,1
DA:295,3
LF:106
LH:104
BRDA:19,0,0,0
BRDA:19,1,0,3
BRDA:19,1,1,3
BRDA:30,2,0,1
BRDA:30,3,0,2
BRDA:30,3,1,1
BRDA:44,4,0,1
BRDA:44,4,1,0
BRDA:45,5,0,1
BRDA:45,5,1,0
BRDA:46,6,0,1
BRDA:46,6,1,0
BRDA:87,7,0,1
BRDA:87,8,0,5
BRDA:87,8,1,4
BRDA:87,8,2,4
BRDA:94,9,0,1
BRDA:106,10,0,1
BRDA:112,11,0,2
BRDA:112,11,1,0
BRDA:119,12,0,1
BRDA:119,12,1,1
BRDA:153,13,0,1
BRDA:153,14,0,4
BRDA:153,14,1,3
BRDA:165,15,0,1
BRDA:176,16,0,2
BRDA:176,17,0,2
BRDA:176,17,1,2
BRDA:176,17,2,2
BRDA:200,18,0,1
BRDA:200,19,0,5
BRDA:200,19,1,4
BRDA:211,20,0,2
BRDA:211,21,0,3
BRDA:211,21,1,2
BRDA:228,22,0,1
BRDA:228,22,1,0
BRDA:245,23,0,1
BRDA:245,24,0,7
BRDA:245,24,1,6
BRDA:254,25,0,1
BRDA:265,26,0,1
BRDA:271,27,0,1
BRDA:271,27,1,2
BRDA:279,28,0,2
BRF:46
BRH:40
end_of_record
TN:
SF:controllers\productController.ts
FN:14,(anonymous_1)
FN:44,(anonymous_2)
FN:76,(anonymous_3)
FNF:3
FNH:3
FNDA:6,(anonymous_1)
FNDA:7,(anonymous_2)
FNDA:2,(anonymous_3)
DA:4,3
DA:5,3
DA:14,3
DA:15,6
DA:17,6
DA:24,6
DA:27,6
DA:28,2
DA:32,6
DA:34,4
DA:36,2
DA:37,2
DA:44,3
DA:48,7
DA:50,7
DA:53,7
DA:54,2
DA:57,2
DA:61,5
DA:63,4
DA:70,3
DA:71,2
DA:72,2
DA:76,2
DA:82,1
DA:84,2
DA:85,2
DA:88,3
LF:28
LH:28
BRDA:27,0,0,2
BRDA:27,1,0,6
BRDA:27,1,1,2
BRDA:27,1,2,2
BRDA:53,2,0,2
BRDA:53,3,0,7
BRDA:53,3,1,5
BRDA:70,4,0,2
BRF:8
BRH:8
end_of_record
TN:
SF:controllers\userController.ts
FN:9,(anonymous_1)
FNF:1
FNH:1
FNDA:3,(anonymous_1)
DA:4,3
DA:9,3
DA:10,3
DA:12,3
DA:15,3
DA:18,2
DA:19,1
DA:20,1
DA:24,1
DA:26,1
DA:27,1
DA:31,3
LF:12
LH:12
BRDA:18,0,0,1
BRF:1
BRH:1
end_of_record
